<?xml version="1.0" encoding="UTF-8"?>
<testng-results ignored="0" total="4" passed="4" failed="0" skipped="0">
  <reporter-output>
  </reporter-output>
  <suite started-at="2024-08-09T20:46:19 IST" name="Default suite" finished-at="2024-08-09T20:47:18 IST" duration-ms="58252">
    <groups>
      <group name="cucumber">
        <method signature="AbstractTestNGCucumberTests.runScenario(io.cucumber.testng.PickleWrapper,io.cucumber.testng.FeatureWrapper)[pri:0, instance:com.qa.runner.TestNGRunner@12591ac8]" name="runScenario" class="io.cucumber.testng.AbstractTestNGCucumberTests"/>
      </group> <!-- cucumber -->
    </groups>
    <test started-at="2024-08-09T20:46:19 IST" name="Default test" finished-at="2024-08-09T20:47:18 IST" duration-ms="58252">
      <class name="com.qa.runner.TestNGRunner">
        <test-method is-config="true" signature="setUpClass(org.testng.ITestContext)[pri:0, instance:com.qa.runner.TestNGRunner@12591ac8]" started-at="2024-08-09T20:46:19 IST" name="setUpClass" finished-at="2024-08-09T20:46:20 IST" duration-ms="866" status="PASS">
          <params>
            <param index="0">
              <value>
                <![CDATA[org.testng.TestRunner@6ad179b4]]>
              </value>
            </param>
          </params>
          <reporter-output>
          </reporter-output>
        </test-method> <!-- setUpClass -->
        <test-method signature="runScenario(io.cucumber.testng.PickleWrapper,io.cucumber.testng.FeatureWrapper)[pri:0, instance:com.qa.runner.TestNGRunner@12591ac8]" started-at="2024-08-09T20:46:20 IST" name="runScenario" description="Runs Cucumber Scenarios" data-provider="scenarios" finished-at="2024-08-09T20:46:43 IST" duration-ms="22434" status="PASS">
          <params>
            <param index="0">
              <value>
                <![CDATA["My Info ContactUs Details Functionality"]]>
              </value>
            </param>
            <param index="1">
              <value>
                <![CDATA["ContactUs feature funtionality"]]>
              </value>
            </param>
          </params>
          <reporter-output>
          </reporter-output>
        </test-method> <!-- runScenario -->
        <test-method signature="runScenario(io.cucumber.testng.PickleWrapper,io.cucumber.testng.FeatureWrapper)[pri:0, instance:com.qa.runner.TestNGRunner@12591ac8]" started-at="2024-08-09T20:46:43 IST" name="runScenario" description="Runs Cucumber Scenarios" data-provider="scenarios" finished-at="2024-08-09T20:46:51 IST" duration-ms="8290" status="PASS">
          <params>
            <param index="0">
              <value>
                <![CDATA["Login Functionality"]]>
              </value>
            </param>
            <param index="1">
              <value>
                <![CDATA["Login Funtionality"]]>
              </value>
            </param>
          </params>
          <reporter-output>
          </reporter-output>
        </test-method> <!-- runScenario -->
        <test-method signature="runScenario(io.cucumber.testng.PickleWrapper,io.cucumber.testng.FeatureWrapper)[pri:0, instance:com.qa.runner.TestNGRunner@12591ac8]" started-at="2024-08-09T20:46:51 IST" name="runScenario" description="Runs Cucumber Scenarios" data-provider="scenarios" finished-at="2024-08-09T20:47:03 IST" duration-ms="11880" status="PASS">
          <params>
            <param index="0">
              <value>
                <![CDATA["Login with DDT Multiple credentials"]]>
              </value>
            </param>
            <param index="1">
              <value>
                <![CDATA["Login Funtionality"]]>
              </value>
            </param>
          </params>
          <reporter-output>
          </reporter-output>
        </test-method> <!-- runScenario -->
        <test-method signature="runScenario(io.cucumber.testng.PickleWrapper,io.cucumber.testng.FeatureWrapper)[pri:0, instance:com.qa.runner.TestNGRunner@12591ac8]" started-at="2024-08-09T20:47:03 IST" name="runScenario" description="Runs Cucumber Scenarios" data-provider="scenarios" finished-at="2024-08-09T20:47:17 IST" duration-ms="14578" status="PASS">
          <params>
            <param index="0">
              <value>
                <![CDATA["Login with DDT Multiple credentials"]]>
              </value>
            </param>
            <param index="1">
              <value>
                <![CDATA["Login Funtionality"]]>
              </value>
            </param>
          </params>
          <reporter-output>
          </reporter-output>
        </test-method> <!-- runScenario -->
        <test-method is-config="true" signature="tearDownClass()[pri:0, instance:com.qa.runner.TestNGRunner@12591ac8]" started-at="2024-08-09T20:47:18 IST" name="tearDownClass" finished-at="2024-08-09T20:47:18 IST" duration-ms="111" status="PASS">
          <reporter-output>
          </reporter-output>
        </test-method> <!-- tearDownClass -->
      </class> <!-- com.qa.runner.TestNGRunner -->
    </test> <!-- Default test -->
  </suite> <!-- Default suite -->
</testng-results>
